# JRE version: Java(TM) SE Runtime Environment (8.0_65-b17) (build 1.8.0_65-b17)
# Java VM: Java HotSpot(TM) 64-Bit Server VM (25.65-b01 mixed mode windows-amd64 compressed oops)
Heap:
 PSYoungGen      total 309248K, used 169069K [0x00000000eab00000, 0x00000000ff080000, 0x0000000100000000)
  eden space 301568K, 56% used [0x00000000eab00000,0x00000000f501b730,0x00000000fd180000)
  from space 7680K, 0% used [0x00000000fd180000,0x00000000fd180000,0x00000000fd900000)
  to   space 15872K, 0% used [0x00000000fe100000,0x00000000fe100000,0x00000000ff080000)
 ParOldGen       total 88576K, used 25896K [0x00000000c0000000, 0x00000000c5680000, 0x00000000eab00000)
  object space 88576K, 29% used [0x00000000c0000000,0x00000000c194a018,0x00000000c5680000)
 Metaspace       used 61457K, capacity 64432K, committed 68864K, reserved 1110016K
  class space    used 7750K, capacity 8017K, committed 8960K, reserved 1048576K
GC Heap History (10 events):
Event: 4675.508 GC heap before
{Heap before GC invocations=51 (full 14):
 PSYoungGen      total 315392K, used 265280K [0x00000000eab00000, 0x00000000ff500000, 0x0000000100000000)
  eden space 296448K, 86% used [0x00000000eab00000,0x00000000fa5aff78,0x00000000fcc80000)
  from space 18944K, 45% used [0x00000000fde00000,0x00000000fe6601e8,0x00000000ff080000)
  to   space 17920K, 0% used [0x00000000fcc80000,0x00000000fcc80000,0x00000000fde00000)
 ParOldGen       total 88576K, used 36803K [0x00000000c0000000, 0x00000000c5680000, 0x00000000eab00000)
  object space 88576K, 41% used [0x00000000c0000000,0x00000000c23f0c28,0x00000000c5680000)
 Metaspace       used 63215K, capacity 68182K, committed 68224K, reserved 1107968K
  class space    used 8168K, capacity 8832K, committed 8832K, reserved 1048576K
Event: 4675.522 GC heap after
Heap after GC invocations=51 (full 14):
 PSYoungGen      total 314368K, used 8455K [0x00000000eab00000, 0x00000000ff300000, 0x0000000100000000)
  eden space 296448K, 0% used [0x00000000eab00000,0x00000000eab00000,0x00000000fcc80000)
  from space 17920K, 47% used [0x00000000fcc80000,0x00000000fd4c1ce0,0x00000000fde00000)
  to   space 16896K, 0% used [0x00000000fe280000,0x00000000fe280000,0x00000000ff300000)
 ParOldGen       total 88576K, used 36811K [0x00000000c0000000, 0x00000000c5680000, 0x00000000eab00000)
  object space 88576K, 41% used [0x00000000c0000000,0x00000000c23f2c28,0x00000000c5680000)
 Metaspace       used 63215K, capacity 68182K, committed 68224K, reserved 1107968K
  class space    used 8168K, capacity 8832K, committed 8832K, reserved 1048576K
}
Event: 4675.522 GC heap before
{Heap before GC invocations=52 (full 15):
 PSYoungGen      total 314368K, used 8455K [0x00000000eab00000, 0x00000000ff300000, 0x0000000100000000)
  eden space 296448K, 0% used [0x00000000eab00000,0x00000000eab00000,0x00000000fcc80000)
  from space 17920K, 47% used [0x00000000fcc80000,0x00000000fd4c1ce0,0x00000000fde00000)
  to   space 16896K, 0% used [0x00000000fe280000,0x00000000fe280000,0x00000000ff300000)
 ParOldGen       total 88576K, used 36811K [0x00000000c0000000, 0x00000000c5680000, 0x00000000eab00000)
  object space 88576K, 41% used [0x00000000c0000000,0x00000000c23f2c28,0x00000000c5680000)
 Metaspace       used 63215K, capacity 68182K, committed 68224K, reserved 1107968K
  class space    used 8168K, capacity 8832K, committed 8832K, reserved 1048576K
Event: 4675.705 GC heap after
Heap after GC invocations=52 (full 15):
 PSYoungGen      total 314368K, used 0K [0x00000000eab00000, 0x00000000ff300000, 0x0000000100000000)
  eden space 296448K, 0% used [0x00000000eab00000,0x00000000eab00000,0x00000000fcc80000)
  from space 17920K, 0% used [0x00000000fcc80000,0x00000000fcc80000,0x00000000fde00000)
  to   space 16896K, 0% used [0x00000000fe280000,0x00000000fe280000,0x00000000ff300000)
 ParOldGen       total 88576K, used 38028K [0x00000000c0000000, 0x00000000c5680000, 0x00000000eab00000)
  object space 88576K, 42% used [0x00000000c0000000,0x00000000c2523300,0x00000000c5680000)
 Metaspace       used 63153K, capacity 68100K, committed 68224K, reserved 1107968K
  class space    used 8162K, capacity 8826K, committed 8832K, reserved 1048576K
}
Event: 4685.387 GC heap before
{Heap before GC invocations=53 (full 15):
 PSYoungGen      total 314368K, used 296448K [0x00000000eab00000, 0x00000000ff300000, 0x0000000100000000)
  eden space 296448K, 100% used [0x00000000eab00000,0x00000000fcc80000,0x00000000fcc80000)
  from space 17920K, 0% used [0x00000000fcc80000,0x00000000fcc80000,0x00000000fde00000)
  to   space 16896K, 0% used [0x00000000fe280000,0x00000000fe280000,0x00000000ff300000)
 ParOldGen       total 88576K, used 38028K [0x00000000c0000000, 0x00000000c5680000, 0x00000000eab00000)
  object space 88576K, 42% used [0x00000000c0000000,0x00000000c2523300,0x00000000c5680000)
 Metaspace       used 63350K, capacity 68466K, committed 68608K, reserved 1110016K
  class space    used 8177K, capacity 8840K, committed 8960K, reserved 1048576K
Event: 4685.400 GC heap after
Heap after GC invocations=53 (full 15):
 PSYoungGen      total 316928K, used 8859K [0x00000000eab00000, 0x00000000ff180000, 0x0000000100000000)
  eden space 301568K, 0% used [0x00000000eab00000,0x00000000eab00000,0x00000000fd180000)
  from space 15360K, 57% used [0x00000000fe280000,0x00000000feb26f80,0x00000000ff180000)
  to   space 16384K, 0% used [0x00000000fd180000,0x00000000fd180000,0x00000000fe180000)
 ParOldGen       total 88576K, used 38036K [0x00000000c0000000, 0x00000000c5680000, 0x00000000eab00000)
  object space 88576K, 42% used [0x00000000c0000000,0x00000000c2525300,0x00000000c5680000)
 Metaspace       used 63350K, capacity 68466K, committed 68608K, reserved 1110016K
  class space    used 8177K, capacity 8840K, committed 8960K, reserved 1048576K
}
Event: 7843.364 GC heap before
{Heap before GC invocations=54 (full 15):
 PSYoungGen      total 316928K, used 213039K [0x00000000eab00000, 0x00000000ff180000, 0x0000000100000000)
  eden space 301568K, 67% used [0x00000000eab00000,0x00000000f7264d28,0x00000000fd180000)
  from space 15360K, 57% used [0x00000000fe280000,0x00000000feb26f80,0x00000000ff180000)
  to   space 16384K, 0% used [0x00000000fd180000,0x00000000fd180000,0x00000000fe180000)
 ParOldGen       total 88576K, used 38036K [0x00000000c0000000, 0x00000000c5680000, 0x00000000eab00000)
  object space 88576K, 42% used [0x00000000c0000000,0x00000000c2525300,0x00000000c5680000)
 Metaspace       used 63427K, capacity 68618K, committed 68864K, reserved 1110016K
  class space    used 8184K, capacity 8848K, committed 8960K, reserved 1048576K
Event: 7843.373 GC heap after
Heap after GC invocations=54 (full 15):
 PSYoungGen      total 309248K, used 7297K [0x00000000eab00000, 0x00000000ff080000, 0x0000000100000000)
  eden space 301568K, 0% used [0x00000000eab00000,0x00000000eab00000,0x00000000fd180000)
  from space 7680K, 95% used [0x00000000fd180000,0x00000000fd8a05b0,0x00000000fd900000)
  to   space 15872K, 0% used [0x00000000fe100000,0x00000000fe100000,0x00000000ff080000)
 ParOldGen       total 88576K, used 38044K [0x00000000c0000000, 0x00000000c5680000, 0x00000000eab00000)
  object space 88576K, 42% used [0x00000000c0000000,0x00000000c2527300,0x00000000c5680000)
 Metaspace       used 63427K, capacity 68618K, committed 68864K, reserved 1110016K
  class space    used 8184K, capacity 8848K, committed 8960K, reserved 1048576K
}
Event: 7843.373 GC heap before
{Heap before GC invocations=55 (full 16):
 PSYoungGen      total 309248K, used 7297K [0x00000000eab00000, 0x00000000ff080000, 0x0000000100000000)
  eden space 301568K, 0% used [0x00000000eab00000,0x00000000eab00000,0x00000000fd180000)
  from space 7680K, 95% used [0x00000000fd180000,0x00000000fd8a05b0,0x00000000fd900000)
  to   space 15872K, 0% used [0x00000000fe100000,0x00000000fe100000,0x00000000ff080000)
 ParOldGen       total 88576K, used 38044K [0x00000000c0000000, 0x00000000c5680000, 0x00000000eab00000)
  object space 88576K, 42% used [0x00000000c0000000,0x00000000c2527300,0x00000000c5680000)
 Metaspace       used 63427K, capacity 68618K, committed 68864K, reserved 1110016K
  class space    used 8184K, capacity 8848K, committed 8960K, reserved 1048576K
Event: 7843.644 GC heap after
Heap after GC invocations=55 (full 16):
 PSYoungGen      total 309248K, used 0K [0x00000000eab00000, 0x00000000ff080000, 0x0000000100000000)
  eden space 301568K, 0% used [0x00000000eab00000,0x00000000eab00000,0x00000000fd180000)
  from space 7680K, 0% used [0x00000000fd180000,0x00000000fd180000,0x00000000fd900000)
  to   space 15872K, 0% used [0x00000000fe100000,0x00000000fe100000,0x00000000ff080000)
 ParOldGen       total 88576K, used 25896K [0x00000000c0000000, 0x00000000c5680000, 0x00000000eab00000)
  object space 88576K, 29% used [0x00000000c0000000,0x00000000c194a018,0x00000000c5680000)
 Metaspace       used 61199K, capacity 64018K, committed 68864K, reserved 1110016K
  class space    used 7705K, capacity 7947K, committed 8960K, reserved 1048576K
}

